{
  "timestamp": "2025-08-01T07:37:39.208Z",
  "level": "error",
  "message": "An error log: 504 Bad Gateway",
  "method": "GET",
  "isAuthenticated": false,
  "service": "ProductSectionLogger",
  "stack": "Error: 504 Bad Gateway\n    at ProductSectionService.getAllActive (e:\\PersonalProject\\backend-nodejs\\src\\services\\product-section.service.ts:49:17)\n    at getAllActiveProductSection (e:\\PersonalProject\\backend-nodejs\\src\\controllers\\product-section.controller.ts:30:24)"
}
{
  "timestamp": "2025-08-01T07:46:07.070Z",
  "level": "error",
  "message": "An error log: 504 Bad Gateway",
  "method": "GET",
  "isAuthenticated": false,
  "service": "ProductSectionLogger",
  "stack": "Error: 504 Bad Gateway\n    at ProductSectionService.getAllActive (e:\\PersonalProject\\backend-nodejs\\src\\services\\product-section.service.ts:50:17)\n    at getAllActiveProductSection (e:\\PersonalProject\\backend-nodejs\\src\\controllers\\product-section.controller.ts:30:24)"
}
{
  "timestamp": "2025-08-01T07:48:57.079Z",
  "level": "error",
  "message": "An error log: 504 Bad Gateway",
  "method": "GET",
  "isAuthenticated": false,
  "service": "ProductSectionLogger",
  "stack": "Error: 504 Bad Gateway\n    at ProductSectionService.getAllActive (e:\\PersonalProject\\backend-nodejs\\src\\services\\product-section.service.ts:48:17)\n    at getAllActiveProductSection (e:\\PersonalProject\\backend-nodejs\\src\\controllers\\product-section.controller.ts:30:24)"
}
{
  "timestamp": "2025-08-01T07:49:32.521Z",
  "level": "error",
  "message": "An error log: 504 Bad Gateway",
  "method": "GET",
  "isAuthenticated": false,
  "service": "ProductSectionLogger",
  "stack": "Error: 504 Bad Gateway\n    at ProductSectionService.getAllActive (e:\\PersonalProject\\backend-nodejs\\src\\services\\product-section.service.ts:48:45)\n    at getAllActiveProductSection (e:\\PersonalProject\\backend-nodejs\\src\\controllers\\product-section.controller.ts:30:24)"
}
{
  "timestamp": "2025-08-01T07:49:53.256Z",
  "level": "error",
  "message": "An error log: 504 Bad Gateway",
  "method": "GET",
  "isAuthenticated": false,
  "service": "ProductSectionLogger",
  "statusCode": 404,
  "errorCode": 40100,
  "stack": "Error: 504 Bad Gateway\n    at ProductSectionService.getAllActive (e:\\PersonalProject\\backend-nodejs\\src\\services\\product-section.service.ts:48:45)\n    at getAllActiveProductSection (e:\\PersonalProject\\backend-nodejs\\src\\controllers\\product-section.controller.ts:30:24)"
}
{
  "timestamp": "2025-08-01T08:00:14.803Z",
  "level": "error",
  "message": "An error log: 504 Bad Gateway",
  "method": "GET",
  "isAuthenticated": false,
  "service": "ProductSectionLogger",
  "statusCode": 404,
  "errorCode": 40100,
  "stack": "Error: 504 Bad Gateway\n    at ProductSectionService.getAllActive (e:\\PersonalProject\\backend-nodejs\\src\\services\\product-section.service.ts:48:45)\n    at getAllActiveProductSection (e:\\PersonalProject\\backend-nodejs\\src\\controllers\\product-section.controller.ts:30:24)"
}
{
  "timestamp": "2025-08-01T08:02:13.643Z",
  "level": "error",
  "message": "An error log: 504 Bad Gateway",
  "method": "GET",
  "isAuthenticated": false,
  "service": "ProductSectionLogger",
  "statusCode": 404,
  "errorCode": 40100,
  "stack": "Error: 504 Bad Gateway\n    at ProductSectionService.getAllActive (e:\\PersonalProject\\backend-nodejs\\src\\services\\product-section.service.ts:48:45)\n    at getAllActiveProductSection (e:\\PersonalProject\\backend-nodejs\\src\\controllers\\product-section.controller.ts:30:24)"
}
{
  "timestamp": "2025-08-01T08:02:52.173Z",
  "level": "error",
  "message": "An error log: 504 Bad Gateway",
  "method": "GET",
  "isAuthenticated": false,
  "service": "ProductSectionLogger",
  "statusCode": 404,
  "errorCode": 40100,
  "stack": "Error: 504 Bad Gateway\n    at ProductSectionService.getAllActive (e:\\PersonalProject\\backend-nodejs\\src\\services\\product-section.service.ts:48:45)\n    at getAllActiveProductSection (e:\\PersonalProject\\backend-nodejs\\src\\controllers\\product-section.controller.ts:30:24)"
}
{
  "timestamp": "2025-08-01T08:03:20.533Z",
  "level": "error",
  "message": "An error log: 504 Bad Gateway",
  "method": "GET",
  "isAuthenticated": false,
  "service": "ProductSectionLogger",
  "statusCode": 404,
  "errorCode": 40100,
  "stack": "Error: 504 Bad Gateway\n    at ProductSectionService.getAllActive (e:\\PersonalProject\\backend-nodejs\\src\\services\\product-section.service.ts:49:45)\n    at getAllActiveProductSection (e:\\PersonalProject\\backend-nodejs\\src\\controllers\\product-section.controller.ts:30:24)"
}
{
  "timestamp": "2025-08-01T08:05:52.090Z",
  "level": "error",
  "message": "An error log: 504 Bad Gateway",
  "method": "GET",
  "isAuthenticated": false,
  "service": "ProductSectionLogger",
  "statusCode": 404,
  "errorCode": 40100,
  "stack": "Error: 504 Bad Gateway\n    at ProductSectionService.getAllActive (e:\\PersonalProject\\backend-nodejs\\src\\services\\product-section.service.ts:49:45)\n    at getAllActiveProductSection (e:\\PersonalProject\\backend-nodejs\\src\\controllers\\product-section.controller.ts:30:24)"
}
{
  "timestamp": "2025-08-01T08:06:13.548Z",
  "level": "error",
  "message": "An error log: 504 Bad Gateway",
  "method": "GET",
  "isAuthenticated": false,
  "service": "ProductSectionLogger",
  "statusCode": 404,
  "errorCode": 40100,
  "stack": "Error: 504 Bad Gateway\n    at ProductSectionService.getAllActive (e:\\PersonalProject\\backend-nodejs\\src\\services\\product-section.service.ts:49:45)\n    at getAllActiveProductSection (e:\\PersonalProject\\backend-nodejs\\src\\controllers\\product-section.controller.ts:30:24)"
}
{
  "timestamp": "2025-08-01T08:06:32.172Z",
  "level": "error",
  "message": "An error log: 504 Bad Gateway",
  "method": "GET",
  "isAuthenticated": false,
  "service": "ProductSectionLogger",
  "statusCode": 404,
  "errorCode": 40100,
  "stack": "Error: 504 Bad Gateway\n    at ProductSectionService.getAllActive (e:\\PersonalProject\\backend-nodejs\\src\\services\\product-section.service.ts:49:45)\n    at getAllActiveProductSection (e:\\PersonalProject\\backend-nodejs\\src\\controllers\\product-section.controller.ts:30:24)"
}
{
  "timestamp": "2025-08-01T08:15:34.307Z",
  "level": "error",
  "message": "Product section not found",
  "method": "GET",
  "isAuthenticated": false,
  "statusCode": 404,
  "errorCode": 40100,
  "service": "ProductSectionLogger",
  "stack": "Error: Product section not found\n    at ProductSectionService.getById (e:\\PersonalProject\\backend-nodejs\\src\\services\\product-section.service.ts:13:21)\n    at getProductSectionById (e:\\PersonalProject\\backend-nodejs\\src\\controllers\\product-section.controller.ts:12:30)"
}
{
  "timestamp": "2025-08-01T09:34:12.148Z",
  "level": "error",
  "message": "Product section not found",
  "method": "GET",
  "isAuthenticated": false,
  "statusCode": 404,
  "errorCode": 40100,
  "service": "ProductSectionLogger",
  "stack": "Error: Product section not found\n    at ProductSectionService.getById (e:\\PersonalProject\\backend-nodejs\\src\\services\\product-section.service.ts:14:21)\n    at getProductSectionById (e:\\PersonalProject\\backend-nodejs\\src\\controllers\\product-section.controller.ts:12:30)"
}
{
  "timestamp": "2025-08-01T09:51:01.441Z",
  "level": "error",
  "message": "Product section not found",
  "method": "GET",
  "isAuthenticated": false,
  "statusCode": 404,
  "errorCode": 40100,
  "service": "ProductSectionLogger",
  "stack": "Error: Product section not found\n    at ProductSectionService.getById (e:\\PersonalProject\\backend-nodejs\\src\\services\\product-section.service.ts:18:21)\n    at getProductSectionById (e:\\PersonalProject\\backend-nodejs\\src\\controllers\\product-section.controller.ts:12:30)"
}
{
  "timestamp": "2025-08-01T09:52:04.774Z",
  "level": "error",
  "message": "Product section not found",
  "method": "GET",
  "isAuthenticated": true,
  "statusCode": 404,
  "errorCode": 40100,
  "service": "ProductSectionLogger",
  "stack": "Error: Product section not found\n    at ProductSectionService.getById (e:\\PersonalProject\\backend-nodejs\\src\\services\\product-section.service.ts:18:21)\n    at getProductSectionById (e:\\PersonalProject\\backend-nodejs\\src\\controllers\\product-section.controller.ts:12:30)"
}
{
  "timestamp": "2025-08-01T09:57:30.956Z",
  "level": "error",
  "message": "Product section not found",
  "statusCode": 404,
  "errorCode": 40100,
  "service": "ProductSectionLogger",
  "stack": "Error: Product section not found\n    at ProductSectionService.getById (e:\\PersonalProject\\backend-nodejs\\src\\services\\product-section.service.ts:17:21)\n    at getProductSectionById (e:\\PersonalProject\\backend-nodejs\\src\\controllers\\product-section.controller.ts:12:30)"
}
{
  "timestamp": "2025-08-01T09:57:40.498Z",
  "level": "error",
  "message": "Product section not found",
  "statusCode": 404,
  "errorCode": 40100,
  "service": "ProductSectionLogger",
  "stack": "Error: Product section not found\n    at ProductSectionService.getById (e:\\PersonalProject\\backend-nodejs\\src\\services\\product-section.service.ts:17:21)\n    at getProductSectionById (e:\\PersonalProject\\backend-nodejs\\src\\controllers\\product-section.controller.ts:12:30)"
}
{
  "timestamp": "2025-08-01T10:06:27.535Z",
  "level": "error",
  "message": "Product section not found",
  "method": "GET",
  "isAuthenticated": false,
  "statusCode": 404,
  "errorCode": 40100,
  "service": "ProductSectionLogger",
  "stack": "Error: Product section not found\n    at ProductSectionService.getById (e:\\PersonalProject\\backend-nodejs\\src\\services\\product-section.service.ts:18:31)\n    at getProductSectionById (e:\\PersonalProject\\backend-nodejs\\src\\controllers\\product-section.controller.ts:12:30)"
}
{
  "timestamp": "2025-08-01T10:06:43.790Z",
  "level": "error",
  "message": "Product section not found",
  "method": "GET",
  "isAuthenticated": false,
  "statusCode": 404,
  "errorCode": 40100,
  "service": "ProductSectionLogger",
  "stack": "Error: Product section not found\n    at ProductSectionService.getById (e:\\PersonalProject\\backend-nodejs\\src\\services\\product-section.service.ts:18:31)\n    at getProductSectionById (e:\\PersonalProject\\backend-nodejs\\src\\controllers\\product-section.controller.ts:12:30)"
}
