{
  "timestamp": "2025-08-01T09:59:34.121Z",
  "level": "error",
  "message": "Product not found",
  "method": "GET",
  "isAuthenticated": false,
  "statusCode": 404,
  "errorCode": 10100,
  "service": "ProductLogger",
  "stack": "Error: Product not found\n    at ProductService.getById (e:\\PersonalProject\\backend-nodejs\\src\\services\\product.service.ts:22:21)\n    at getProductById (e:\\PersonalProject\\backend-nodejs\\src\\controllers\\product.controller.ts:21:23)"
}
{
  "timestamp": "2025-08-01T10:01:32.581Z",
  "level": "error",
  "message": "Missing required field: productName",
  "method": "POST",
  "isAuthenticated": false,
  "statusCode": 400,
  "errorCode": 40000,
  "service": "ProductLogger",
  "stack": "Error: Missing required field: productName\n    at ProductService.create (e:\\PersonalProject\\backend-nodejs\\src\\services\\product.service.ts:47:23)\n    at createProduct (e:\\PersonalProject\\backend-nodejs\\src\\controllers\\product.controller.ts:31:44)\n    at Layer.handleRequest (E:\\PersonalProject\\backend-nodejs\\node_modules\\router\\lib\\layer.js:152:17)\n    at next (E:\\PersonalProject\\backend-nodejs\\node_modules\\router\\lib\\route.js:157:13)\n    at Route.dispatch (E:\\PersonalProject\\backend-nodejs\\node_modules\\router\\lib\\route.js:117:3)\n    at handle (E:\\PersonalProject\\backend-nodejs\\node_modules\\router\\index.js:435:11)\n    at Layer.handleRequest (E:\\PersonalProject\\backend-nodejs\\node_modules\\router\\lib\\layer.js:152:17)\n    at E:\\PersonalProject\\backend-nodejs\\node_modules\\router\\index.js:295:15\n    at processParams (E:\\PersonalProject\\backend-nodejs\\node_modules\\router\\index.js:582:12)\n    at next (E:\\PersonalProject\\backend-nodejs\\node_modules\\router\\index.js:291:5)"
}
{
  "timestamp": "2025-08-01T10:05:17.568Z",
  "level": "error",
  "message": "Missing required field: productName",
  "method": "POST",
  "isAuthenticated": false,
  "statusCode": 400,
  "errorCode": 40000,
  "service": "ProductLogger",
  "stack": "Error: Missing required field: productName\n    at ProductService.create (e:\\PersonalProject\\backend-nodejs\\src\\services\\product.service.ts:47:33)\n    at createProduct (e:\\PersonalProject\\backend-nodejs\\src\\controllers\\product.controller.ts:31:44)\n    at Layer.handleRequest (E:\\PersonalProject\\backend-nodejs\\node_modules\\router\\lib\\layer.js:152:17)\n    at next (E:\\PersonalProject\\backend-nodejs\\node_modules\\router\\lib\\route.js:157:13)\n    at Route.dispatch (E:\\PersonalProject\\backend-nodejs\\node_modules\\router\\lib\\route.js:117:3)\n    at handle (E:\\PersonalProject\\backend-nodejs\\node_modules\\router\\index.js:435:11)\n    at Layer.handleRequest (E:\\PersonalProject\\backend-nodejs\\node_modules\\router\\lib\\layer.js:152:17)\n    at E:\\PersonalProject\\backend-nodejs\\node_modules\\router\\index.js:295:15\n    at processParams (E:\\PersonalProject\\backend-nodejs\\node_modules\\router\\index.js:582:12)\n    at next (E:\\PersonalProject\\backend-nodejs\\node_modules\\router\\index.js:291:5)"
}
